<html>
<head>
<title>TestNG:  Regression</title>
<link href="../testng.css" rel="stylesheet" type="text/css" />
<link href="../my-testng.css" rel="stylesheet" type="text/css" />

<style type="text/css">
.log { display: none;} 
.stack-trace { display: none;} 
</style>
<script type="text/javascript">
<!--
function flip(e) {
  current = e.style.display;
  if (current == 'block') {
    e.style.display = 'none';
    return 0;
  }
  else {
    e.style.display = 'block';
    return 1;
  }
}

function toggleBox(szDivId, elem, msg1, msg2)
{
  var res = -1;  if (document.getElementById) {
    res = flip(document.getElementById(szDivId));
  }
  else if (document.all) {
    // this is the way old msie versions work
    res = flip(document.all[szDivId]);
  }
  if(elem) {
    if(res == 0) elem.innerHTML = msg1; else elem.innerHTML = msg2;
  }

}

function toggleAllBoxes() {
  if (document.getElementsByTagName) {
    d = document.getElementsByTagName('div');
    for (i = 0; i < d.length; i++) {
      if (d[i].className == 'log') {
        flip(d[i]);
      }
    }
  }
}

// -->
</script>

</head>
<body>
<h2 align='center'>Regression</h2><table border='1' align="center">
<tr>
<td>Tests passed/Failed/Skipped:</td><td>0/0/8</td>
</tr><tr>
<td>Started on:</td><td>Tue Mar 20 17:02:31 IST 2018</td>
</tr>
<tr><td>Total time:</td><td>0 seconds (87 ms)</td>
</tr><tr>
<td>Included groups:</td><td></td>
</tr><tr>
<td>Excluded groups:</td><td></td>
</tr>
</table><p/>
<small><i>(Hover the method name to see the test class name)</i></small><p/>
<table width='100%' border='1' class='invocation-skipped'>
<tr><td colspan='4' align='center'><b>SKIPPED CONFIGURATIONS</b></td></tr>
<tr><td><b>Test method</b></td>
<td width="30%"><b>Exception</b></td>
<td width="10%"><b>Time (seconds)</b></td>
<td><b>Instance</b></td>
</tr>
<tr>
<td title='com.qa.TEST_page.QA_IPAD__Test.waiting()'><b>waiting</b><br>Test class: com.qa.TEST_page.QA_IPAD__Test</td>
<td></td>
<td>0</td>
<td>com.qa.TEST_page.QA_IPAD__Test@5f2108b5</td></tr>
<tr>
<td title='com.qa.TEST_page.QA_MAC__Test.waiting()'><b>waiting</b><br>Test class: com.qa.TEST_page.QA_MAC__Test</td>
<td></td>
<td>0</td>
<td>com.qa.TEST_page.QA_MAC__Test@31a5c39e</td></tr>
<tr>
<td title='com.qa.TEST_page.QA_IPHONE__Test.waiting()'><b>waiting</b><br>Test class: com.qa.TEST_page.QA_IPHONE__Test</td>
<td></td>
<td>0</td>
<td>com.qa.TEST_page.QA_IPHONE__Test@3f49dace</td></tr>
<tr>
<td title='com.qa.TEST_page.QA_WATCH__Test.waiting()'><b>waiting</b><br>Test class: com.qa.TEST_page.QA_WATCH__Test</td>
<td></td>
<td>0</td>
<td>com.qa.TEST_page.QA_WATCH__Test@1e397ed7</td></tr>
<tr>
<td title='com.qa.TEST_page.QA_TV__Test.waiting()'><b>waiting</b><br>Test class: com.qa.TEST_page.QA_TV__Test</td>
<td></td>
<td>0</td>
<td>com.qa.TEST_page.QA_TV__Test@490ab905</td></tr>
<tr>
<td title='com.qa.TEST_page.QA_MUSIC__Test.waiting()'><b>waiting</b><br>Test class: com.qa.TEST_page.QA_MUSIC__Test</td>
<td></td>
<td>0</td>
<td>com.qa.TEST_page.QA_MUSIC__Test@56ac3a89</td></tr>
<tr>
<td title='com.qa.TEST_page.QA_SUPPORT__Test.waiting()'><b>waiting</b><br>Test class: com.qa.TEST_page.QA_SUPPORT__Test</td>
<td></td>
<td>0</td>
<td>com.qa.TEST_page.QA_SUPPORT__Test@27c20538</td></tr>
<tr>
<td title='com.qa.TEST_page.QA_IPAD__Test.waiting()'><b>waiting</b><br>Test class: com.qa.TEST_page.QA_IPAD__Test</td>
<td></td>
<td>0</td>
<td>com.qa.TEST_page.QA_IPAD__Test@6093dd95</td></tr>
<tr>
<td title='com.qa.TEST_page.QA_MAC__Test.waiting()'><b>waiting</b><br>Test class: com.qa.TEST_page.QA_MAC__Test</td>
<td></td>
<td>0</td>
<td>com.qa.TEST_page.QA_MAC__Test@5622fdf</td></tr>
<tr>
<td title='com.qa.TEST_page.QA_IPHONE__Test.waiting()'><b>waiting</b><br>Test class: com.qa.TEST_page.QA_IPHONE__Test</td>
<td></td>
<td>0</td>
<td>com.qa.TEST_page.QA_IPHONE__Test@4883b407</td></tr>
<tr>
<td title='com.qa.TEST_page.QA_WATCH__Test.waiting()'><b>waiting</b><br>Test class: com.qa.TEST_page.QA_WATCH__Test</td>
<td></td>
<td>0</td>
<td>com.qa.TEST_page.QA_WATCH__Test@7d9d1a19</td></tr>
<tr>
<td title='com.qa.TEST_page.QA_TV__Test.waiting()'><b>waiting</b><br>Test class: com.qa.TEST_page.QA_TV__Test</td>
<td></td>
<td>0</td>
<td>com.qa.TEST_page.QA_TV__Test@39c0f4a</td></tr>
<tr>
<td title='com.qa.TEST_page.QA_MUSIC__Test.waiting()'><b>waiting</b><br>Test class: com.qa.TEST_page.QA_MUSIC__Test</td>
<td></td>
<td>0</td>
<td>com.qa.TEST_page.QA_MUSIC__Test@1794d431</td></tr>
<tr>
<td title='com.qa.TEST_page.QA_SUPPORT__Test.waiting()'><b>waiting</b><br>Test class: com.qa.TEST_page.QA_SUPPORT__Test</td>
<td></td>
<td>0</td>
<td>com.qa.TEST_page.QA_SUPPORT__Test@42e26948</td></tr>
</table><p>
<table width='100%' border='1' class='invocation-skipped'>
<tr><td colspan='4' align='center'><b>SKIPPED TESTS</b></td></tr>
<tr><td><b>Test method</b></td>
<td width="30%"><b>Exception</b></td>
<td width="10%"><b>Time (seconds)</b></td>
<td><b>Instance</b></td>
</tr>
<tr>
<td title='com.qa.TEST_page.QA_HOME__Test.next_page()'><b>next_page</b><br>Test class: com.qa.TEST_page.QA_HOME__Test</td>
<td><div><pre>org.openqa.selenium.WebDriverException: Process unexpectedly closed with status: 0
Build info: version: &apos;3.11.0&apos;, revision: &apos;e59cfb3&apos;, time: &apos;2018-03-11T20:26:55.152Z&apos;
System info: host: &apos;QD-44&apos;, ip: &apos;10.20.1.88&apos;, os.name: &apos;Windows 7&apos;, os.arch: &apos;amd64&apos;, os.version: &apos;6.1&apos;, java.version: &apos;1.8.0_161&apos;
Driver info: driver.version: FirefoxDriver
remote stacktrace: stack backtrace:
   0:           0x4821c4 - &lt;no info&gt;
   1:           0x482933 - &lt;no info&gt;
   2:           0x445159 - &lt;no info&gt;
   3:           0x44c838 - &lt;no info&gt;
   4:           0x43026a - &lt;no info&gt;
   5:           0x40ba4e - &lt;no info&gt;
   6:           0x4119b9 - &lt;no info&gt;
   7:           0x6d2c89 - &lt;no info&gt;
   8:           0x426006 - &lt;no info&gt;
   9:           0x6cd490 - &lt;no info&gt;
  10:         0x76b659cd - BaseThreadInitThunk
	at org.openqa.selenium.remote.W3CHandshakeResponse.lambda$new$0(W3CHandshakeResponse.java:57)
	at org.openqa.selenium.remote.W3CHandshakeResponse.lambda$getResponseFunction$2(W3CHandshakeResponse.java:104)
	at org.openqa.selenium.remote.ProtocolHandshake.lambda$createSession$0(ProtocolHandshake.java:123)
	at java.util.stream.ReferencePipeline$3$1.accept(ReferencePipeline.java:193)
	at java.util.Spliterators$ArraySpliterator.tryAdvance(Spliterators.java:958)
	at java.util.stream.ReferencePipeline.forEachWithCancel(ReferencePipeline.java:126)
	at java.util.stream.AbstractPipeline.copyIntoWithCancel(AbstractPipeline.java:498)
	at java.util.stream.AbstractPipeline.copyInto(AbstractPipeline.java:485)
	at java.util.stream.AbstractPipeline.wrapAndCopyInto(AbstractPipeline.java:471)
	at java.util.stream.FindOps$FindOp.evaluateSequential(FindOps.java:152)
	at java.util.stream.AbstractPipeline.evaluate(AbstractPipeline.java:234)
	at java.util.stream.ReferencePipeline.findFirst(ReferencePipeline.java:464)
	at org.openqa.selenium.remote.ProtocolHandshake.createSession(ProtocolHandshake.java:126)
	at org.openqa.selenium.remote.ProtocolHandshake.createSession(ProtocolHandshake.java:73)
	at org.openqa.selenium.remote.HttpCommandExecutor.execute(HttpCommandExecutor.java:136)
	at org.openqa.selenium.remote.service.DriverCommandExecutor.execute(DriverCommandExecutor.java:83)
	at org.openqa.selenium.remote.RemoteWebDriver.execute(RemoteWebDriver.java:545)
	at org.openqa.selenium.remote.RemoteWebDriver.startSession(RemoteWebDriver.java:209)
	at org.openqa.selenium.remote.RemoteWebDriver.&lt;init&gt;(RemoteWebDriver.java:132)
	at org.openqa.selenium.firefox.FirefoxDriver.&lt;init&gt;(FirefoxDriver.java:120)
	at org.openqa.selenium.firefox.FirefoxDriver.&lt;init&gt;(FirefoxDriver.java:98)
	at com.TESTBASE_.TestBase.initialization(TestBase.java:54)
	at com.qa.TEST_page.QA_HOME__Test2.browser_open(QA_HOME__Test2.java:23)
... Removed 24 stack frames</pre></div><a href='#' onClick='toggleBox("stack-trace536998042", this, "Click to show all stack frames", "Click to hide stack frames")'>Click to show all stack frames</a>
<div class='stack-trace' id='stack-trace536998042'><pre>org.openqa.selenium.WebDriverException: Process unexpectedly closed with status: 0
Build info: version: &apos;3.11.0&apos;, revision: &apos;e59cfb3&apos;, time: &apos;2018-03-11T20:26:55.152Z&apos;
System info: host: &apos;QD-44&apos;, ip: &apos;10.20.1.88&apos;, os.name: &apos;Windows 7&apos;, os.arch: &apos;amd64&apos;, os.version: &apos;6.1&apos;, java.version: &apos;1.8.0_161&apos;
Driver info: driver.version: FirefoxDriver
remote stacktrace: stack backtrace:
   0:           0x4821c4 - &lt;no info&gt;
   1:           0x482933 - &lt;no info&gt;
   2:           0x445159 - &lt;no info&gt;
   3:           0x44c838 - &lt;no info&gt;
   4:           0x43026a - &lt;no info&gt;
   5:           0x40ba4e - &lt;no info&gt;
   6:           0x4119b9 - &lt;no info&gt;
   7:           0x6d2c89 - &lt;no info&gt;
   8:           0x426006 - &lt;no info&gt;
   9:           0x6cd490 - &lt;no info&gt;
  10:         0x76b659cd - BaseThreadInitThunk
	at sun.reflect.NativeConstructorAccessorImpl.newInstance0(Native Method)
	at sun.reflect.NativeConstructorAccessorImpl.newInstance(NativeConstructorAccessorImpl.java:62)
	at sun.reflect.DelegatingConstructorAccessorImpl.newInstance(DelegatingConstructorAccessorImpl.java:45)
	at java.lang.reflect.Constructor.newInstance(Constructor.java:423)
	at org.openqa.selenium.remote.W3CHandshakeResponse.lambda$new$0(W3CHandshakeResponse.java:57)
	at org.openqa.selenium.remote.W3CHandshakeResponse.lambda$getResponseFunction$2(W3CHandshakeResponse.java:104)
	at org.openqa.selenium.remote.ProtocolHandshake.lambda$createSession$0(ProtocolHandshake.java:123)
	at java.util.stream.ReferencePipeline$3$1.accept(ReferencePipeline.java:193)
	at java.util.Spliterators$ArraySpliterator.tryAdvance(Spliterators.java:958)
	at java.util.stream.ReferencePipeline.forEachWithCancel(ReferencePipeline.java:126)
	at java.util.stream.AbstractPipeline.copyIntoWithCancel(AbstractPipeline.java:498)
	at java.util.stream.AbstractPipeline.copyInto(AbstractPipeline.java:485)
	at java.util.stream.AbstractPipeline.wrapAndCopyInto(AbstractPipeline.java:471)
	at java.util.stream.FindOps$FindOp.evaluateSequential(FindOps.java:152)
	at java.util.stream.AbstractPipeline.evaluate(AbstractPipeline.java:234)
	at java.util.stream.ReferencePipeline.findFirst(ReferencePipeline.java:464)
	at org.openqa.selenium.remote.ProtocolHandshake.createSession(ProtocolHandshake.java:126)
	at org.openqa.selenium.remote.ProtocolHandshake.createSession(ProtocolHandshake.java:73)
	at org.openqa.selenium.remote.HttpCommandExecutor.execute(HttpCommandExecutor.java:136)
	at org.openqa.selenium.remote.service.DriverCommandExecutor.execute(DriverCommandExecutor.java:83)
	at org.openqa.selenium.remote.RemoteWebDriver.execute(RemoteWebDriver.java:545)
	at org.openqa.selenium.remote.RemoteWebDriver.startSession(RemoteWebDriver.java:209)
	at org.openqa.selenium.remote.RemoteWebDriver.&lt;init&gt;(RemoteWebDriver.java:132)
	at org.openqa.selenium.firefox.FirefoxDriver.&lt;init&gt;(FirefoxDriver.java:120)
	at org.openqa.selenium.firefox.FirefoxDriver.&lt;init&gt;(FirefoxDriver.java:98)
	at com.TESTBASE_.TestBase.initialization(TestBase.java:54)
	at com.qa.TEST_page.QA_HOME__Test2.browser_open(QA_HOME__Test2.java:23)
	at sun.reflect.NativeMethodAccessorImpl.invoke0(Native Method)
	at sun.reflect.NativeMethodAccessorImpl.invoke(NativeMethodAccessorImpl.java:62)
	at sun.reflect.DelegatingMethodAccessorImpl.invoke(DelegatingMethodAccessorImpl.java:43)
	at java.lang.reflect.Method.invoke(Method.java:498)
	at org.testng.internal.MethodInvocationHelper.invokeMethod(MethodInvocationHelper.java:124)
	at org.testng.internal.MethodInvocationHelper.invokeMethodConsideringTimeout(MethodInvocationHelper.java:59)
	at org.testng.internal.Invoker.invokeConfigurationMethod(Invoker.java:455)
	at org.testng.internal.Invoker.invokeConfigurations(Invoker.java:222)
	at org.testng.internal.Invoker.invokeConfigurations(Invoker.java:142)
	at org.testng.SuiteRunner.privateRun(SuiteRunner.java:401)
	at org.testng.SuiteRunner.run(SuiteRunner.java:364)
	at org.testng.SuiteRunnerWorker.runSuite(SuiteRunnerWorker.java:52)
	at org.testng.SuiteRunnerWorker.run(SuiteRunnerWorker.java:84)
	at org.testng.TestNG.runSuitesSequentially(TestNG.java:1208)
	at org.testng.TestNG.runSuitesLocally(TestNG.java:1137)
	at org.testng.TestNG.runSuites(TestNG.java:1049)
	at org.testng.TestNG.run(TestNG.java:1017)
	at org.testng.remote.AbstractRemoteTestNG.run(AbstractRemoteTestNG.java:114)
	at org.testng.remote.RemoteTestNG.initAndRun(RemoteTestNG.java:251)
	at org.testng.remote.RemoteTestNG.main(RemoteTestNG.java:77)
</pre></div></td>
<td>0</td>
<td>com.qa.TEST_page.QA_HOME__Test@6d4b1c02</td></tr>
<tr>
<td title='com.qa.TEST_page.QA_IPAD__Test.next_page()'><b>next_page</b><br>Test class: com.qa.TEST_page.QA_IPAD__Test</td>
<td></td>
<td>0</td>
<td>com.qa.TEST_page.QA_IPAD__Test@6093dd95</td></tr>
<tr>
<td title='com.qa.TEST_page.QA_MAC__Test.next_page()'><b>next_page</b><br>Test class: com.qa.TEST_page.QA_MAC__Test</td>
<td></td>
<td>0</td>
<td>com.qa.TEST_page.QA_MAC__Test@5622fdf</td></tr>
<tr>
<td title='com.qa.TEST_page.QA_IPHONE__Test.next_page()'><b>next_page</b><br>Test class: com.qa.TEST_page.QA_IPHONE__Test</td>
<td></td>
<td>0</td>
<td>com.qa.TEST_page.QA_IPHONE__Test@4883b407</td></tr>
<tr>
<td title='com.qa.TEST_page.QA_WATCH__Test.next_page()'><b>next_page</b><br>Test class: com.qa.TEST_page.QA_WATCH__Test</td>
<td></td>
<td>0</td>
<td>com.qa.TEST_page.QA_WATCH__Test@7d9d1a19</td></tr>
<tr>
<td title='com.qa.TEST_page.QA_TV__Test.next_page()'><b>next_page</b><br>Test class: com.qa.TEST_page.QA_TV__Test</td>
<td></td>
<td>0</td>
<td>com.qa.TEST_page.QA_TV__Test@39c0f4a</td></tr>
<tr>
<td title='com.qa.TEST_page.QA_MUSIC__Test.next_page()'><b>next_page</b><br>Test class: com.qa.TEST_page.QA_MUSIC__Test</td>
<td></td>
<td>0</td>
<td>com.qa.TEST_page.QA_MUSIC__Test@1794d431</td></tr>
<tr>
<td title='com.qa.TEST_page.QA_SUPPORT__Test.next_page()'><b>next_page</b><br>Test class: com.qa.TEST_page.QA_SUPPORT__Test</td>
<td></td>
<td>0</td>
<td>com.qa.TEST_page.QA_SUPPORT__Test@42e26948</td></tr>
</table><p>
</body>
</html>