<?xml version="1.0" encoding="UTF-8"?>
<testng-results skipped="0" failed="1" ignored="0" total="9" passed="8">
  <reporter-output>
  </reporter-output>
  <suite name="Suite" duration-ms="21152" started-at="2018-03-21T11:22:51Z" finished-at="2018-03-21T11:23:13Z">
    <groups>
    </groups>
    <test name="Regression01" duration-ms="21152" started-at="2018-03-21T11:22:51Z" finished-at="2018-03-21T11:23:13Z">
      <class name="com.qa.TEST_page.QA_IPHONE__Test">
        <test-method status="PASS" signature="waiting()[pri:0, instance:com.qa.TEST_page.QA_IPHONE__Test@146ba0ac]" name="waiting" is-config="true" duration-ms="7" started-at="2018-03-21T11:23:04Z" finished-at="2018-03-21T11:23:04Z">
          <reporter-output>
          </reporter-output>
        </test-method> <!-- waiting -->
        <test-method status="PASS" signature="next_page()[pri:1, instance:com.qa.TEST_page.QA_IPHONE__Test@146ba0ac]" name="next_page" duration-ms="1492" started-at="2018-03-21T11:23:04Z" finished-at="2018-03-21T11:23:05Z">
          <reporter-output>
          </reporter-output>
        </test-method> <!-- next_page -->
      </class> <!-- com.qa.TEST_page.QA_IPHONE__Test -->
      <class name="com.qa.TEST_page.QA_WATCH__Test">
        <test-method status="PASS" signature="waiting()[pri:0, instance:com.qa.TEST_page.QA_WATCH__Test@4dfa3a9d]" name="waiting" is-config="true" duration-ms="6" started-at="2018-03-21T11:23:05Z" finished-at="2018-03-21T11:23:05Z">
          <reporter-output>
          </reporter-output>
        </test-method> <!-- waiting -->
        <test-method status="PASS" signature="next_page()[pri:1, instance:com.qa.TEST_page.QA_WATCH__Test@4dfa3a9d]" name="next_page" duration-ms="1569" started-at="2018-03-21T11:23:05Z" finished-at="2018-03-21T11:23:07Z">
          <reporter-output>
          </reporter-output>
        </test-method> <!-- next_page -->
      </class> <!-- com.qa.TEST_page.QA_WATCH__Test -->
      <class name="com.qa.TEST_page.QA_SUPPORT__Test">
        <test-method status="PASS" signature="next_page()[pri:1, instance:com.qa.TEST_page.QA_SUPPORT__Test@f6c48ac]" name="next_page" duration-ms="1842" started-at="2018-03-21T11:23:11Z" finished-at="2018-03-21T11:23:13Z">
          <reporter-output>
          </reporter-output>
        </test-method> <!-- next_page -->
      </class> <!-- com.qa.TEST_page.QA_SUPPORT__Test -->
      <class name="com.qa.TEST_page.QA_IPAD__Test">
        <test-method status="PASS" signature="waiting()[pri:0, instance:com.qa.TEST_page.QA_IPAD__Test@e25b2fe]" name="waiting" is-config="true" duration-ms="11" started-at="2018-03-21T11:23:00Z" finished-at="2018-03-21T11:23:00Z">
          <reporter-output>
          </reporter-output>
        </test-method> <!-- waiting -->
        <test-method status="PASS" signature="next_page()[pri:1, instance:com.qa.TEST_page.QA_IPAD__Test@e25b2fe]" name="next_page" duration-ms="3030" started-at="2018-03-21T11:23:00Z" finished-at="2018-03-21T11:23:03Z">
          <reporter-output>
          </reporter-output>
        </test-method> <!-- next_page -->
      </class> <!-- com.qa.TEST_page.QA_IPAD__Test -->
      <class name="com.qa.TEST_page.QA_MAC__Test">
        <test-method status="PASS" signature="waiting()[pri:0, instance:com.qa.TEST_page.QA_MAC__Test@754ba872]" name="waiting" is-config="true" duration-ms="11" started-at="2018-03-21T11:23:03Z" finished-at="2018-03-21T11:23:03Z">
          <reporter-output>
          </reporter-output>
        </test-method> <!-- waiting -->
        <test-method status="PASS" signature="next_page()[pri:1, instance:com.qa.TEST_page.QA_MAC__Test@754ba872]" name="next_page" duration-ms="508" started-at="2018-03-21T11:23:03Z" finished-at="2018-03-21T11:23:04Z">
          <reporter-output>
          </reporter-output>
        </test-method> <!-- next_page -->
      </class> <!-- com.qa.TEST_page.QA_MAC__Test -->
      <class name="com.qa.TEST_page.QA_TV__Test">
        <test-method status="PASS" signature="waiting()[pri:0, instance:com.qa.TEST_page.QA_TV__Test@6eebc39e]" name="waiting" is-config="true" duration-ms="8" started-at="2018-03-21T11:23:07Z" finished-at="2018-03-21T11:23:07Z">
          <reporter-output>
          </reporter-output>
        </test-method> <!-- waiting -->
        <test-method status="PASS" signature="next_page()[pri:1, instance:com.qa.TEST_page.QA_TV__Test@6eebc39e]" name="next_page" duration-ms="1396" started-at="2018-03-21T11:23:07Z" finished-at="2018-03-21T11:23:08Z">
          <reporter-output>
          </reporter-output>
        </test-method> <!-- next_page -->
      </class> <!-- com.qa.TEST_page.QA_TV__Test -->
      <class name="com.qa.TEST_page.QA_Failed_testing">
        <test-method status="FAIL" signature="failed_test1()[pri:0, instance:com.qa.TEST_page.QA_Failed_testing@13deb50e]" name="failed_test1" duration-ms="8" started-at="2018-03-21T11:22:58Z" finished-at="2018-03-21T11:22:58Z">
          <exception class="java.lang.AssertionError">
            <message>
              <![CDATA[expected [true] but found [false]]]>
            </message>
            <full-stacktrace>
              <![CDATA[java.lang.AssertionError: expected [true] but found [false]
at org.testng.Assert.fail(Assert.java:96)
at org.testng.Assert.failNotEquals(Assert.java:776)
at org.testng.Assert.assertTrue(Assert.java:44)
at org.testng.Assert.assertTrue(Assert.java:54)
at com.qa.TEST_page.QA_Failed_testing.failed_test1(QA_Failed_testing.java:17)
at sun.reflect.NativeMethodAccessorImpl.invoke0(Native Method)
at sun.reflect.NativeMethodAccessorImpl.invoke(NativeMethodAccessorImpl.java:62)
at sun.reflect.DelegatingMethodAccessorImpl.invoke(DelegatingMethodAccessorImpl.java:43)
at java.lang.reflect.Method.invoke(Method.java:498)
at org.testng.internal.MethodInvocationHelper.invokeMethod(MethodInvocationHelper.java:124)
at org.testng.internal.Invoker.invokeMethod(Invoker.java:580)
at org.testng.internal.Invoker.invokeTestMethod(Invoker.java:716)
at org.testng.internal.Invoker.invokeTestMethods(Invoker.java:988)
at org.testng.internal.TestMethodWorker.invokeTestMethods(TestMethodWorker.java:125)
at org.testng.internal.TestMethodWorker.run(TestMethodWorker.java:109)
at org.testng.TestRunner.privateRun(TestRunner.java:648)
at org.testng.TestRunner.run(TestRunner.java:505)
at org.testng.SuiteRunner.runTest(SuiteRunner.java:455)
at org.testng.SuiteRunner.access$000(SuiteRunner.java:40)
at org.testng.SuiteRunner$SuiteWorker.run(SuiteRunner.java:489)
at org.testng.internal.thread.ThreadUtil$1.call(ThreadUtil.java:52)
at java.util.concurrent.FutureTask.run(FutureTask.java:266)
at java.util.concurrent.ThreadPoolExecutor.runWorker(ThreadPoolExecutor.java:1149)
at java.util.concurrent.ThreadPoolExecutor$Worker.run(ThreadPoolExecutor.java:624)
at java.lang.Thread.run(Thread.java:748)
]]>
            </full-stacktrace>
          </exception> <!-- java.lang.AssertionError -->
          <reporter-output>
          </reporter-output>
        </test-method> <!-- failed_test1 -->
      </class> <!-- com.qa.TEST_page.QA_Failed_testing -->
      <class name="com.qa.TEST_page.QA_HOME__Test">
        <test-method status="PASS" signature="browser_open(java.lang.String)[pri:0, instance:com.qa.TEST_page.QA_HOME__Test@204f30ec]" name="browser_open" is-config="true" duration-ms="6118" started-at="2018-03-21T11:22:51Z" finished-at="2018-03-21T11:22:58Z">
          <params>
            <param index="0">
              <value>
                <![CDATA[browser1]]>
              </value>
            </param>
          </params>
          <reporter-output>
          </reporter-output>
        </test-method> <!-- browser_open -->
        <test-method status="PASS" signature="next_page()[pri:1, instance:com.qa.TEST_page.QA_HOME__Test@204f30ec]" name="next_page" duration-ms="1846" started-at="2018-03-21T11:22:58Z" finished-at="2018-03-21T11:23:00Z">
          <reporter-output>
          </reporter-output>
        </test-method> <!-- next_page -->
        <test-method status="PASS" signature="clos_browsers()[pri:0, instance:com.qa.TEST_page.QA_HOME__Test@204f30ec]" name="clos_browsers" is-config="true" duration-ms="593" started-at="2018-03-21T11:23:13Z" finished-at="2018-03-21T11:23:13Z">
          <reporter-output>
          </reporter-output>
        </test-method> <!-- clos_browsers -->
      </class> <!-- com.qa.TEST_page.QA_HOME__Test -->
      <class name="com.qa.TEST_page.QA_MUSIC__Test">
        <test-method status="PASS" signature="waiting()[pri:0, instance:com.qa.TEST_page.QA_MUSIC__Test@464bee09]" name="waiting" is-config="true" duration-ms="11" started-at="2018-03-21T11:23:08Z" finished-at="2018-03-21T11:23:08Z">
          <reporter-output>
          </reporter-output>
        </test-method> <!-- waiting -->
        <test-method status="PASS" signature="next_page()[pri:1, instance:com.qa.TEST_page.QA_MUSIC__Test@464bee09]" name="next_page" duration-ms="2668" started-at="2018-03-21T11:23:08Z" finished-at="2018-03-21T11:23:11Z">
          <reporter-output>
          </reporter-output>
        </test-method> <!-- next_page -->
      </class> <!-- com.qa.TEST_page.QA_MUSIC__Test -->
    </test> <!-- Regression01 -->
  </suite> <!-- Suite -->
</testng-results>
