<?xml version="1.0" encoding="UTF-8"?>
<testng-results skipped="0" failed="2" ignored="0" total="18" passed="16">
  <reporter-output>
  </reporter-output>
  <suite name="Suite" duration-ms="23377" started-at="2018-03-21T11:36:17Z" finished-at="2018-03-21T11:36:40Z">
    <groups>
    </groups>
    <test name="Regression01" duration-ms="23377" started-at="2018-03-21T11:36:17Z" finished-at="2018-03-21T11:36:40Z">
      <class name="com.qa.TEST_page.QA_WATCH__Test">
        <test-method status="PASS" signature="waiting()[pri:0, instance:com.qa.TEST_page.QA_WATCH__Test@366e2eef]" name="waiting" is-config="true" duration-ms="6" started-at="2018-03-21T11:36:31Z" finished-at="2018-03-21T11:36:31Z">
          <reporter-output>
          </reporter-output>
        </test-method> <!-- waiting -->
        <test-method status="PASS" signature="next_page()[pri:1, instance:com.qa.TEST_page.QA_WATCH__Test@366e2eef]" name="next_page" duration-ms="2440" started-at="2018-03-21T11:36:31Z" finished-at="2018-03-21T11:36:34Z">
          <reporter-output>
          </reporter-output>
        </test-method> <!-- next_page -->
      </class> <!-- com.qa.TEST_page.QA_WATCH__Test -->
      <class name="com.qa.TEST_page.QA_IPHONE__Test">
        <test-method status="PASS" signature="waiting()[pri:0, instance:com.qa.TEST_page.QA_IPHONE__Test@34b7bfc0]" name="waiting" is-config="true" duration-ms="6" started-at="2018-03-21T11:36:29Z" finished-at="2018-03-21T11:36:29Z">
          <reporter-output>
          </reporter-output>
        </test-method> <!-- waiting -->
        <test-method status="PASS" signature="next_page()[pri:1, instance:com.qa.TEST_page.QA_IPHONE__Test@34b7bfc0]" name="next_page" duration-ms="2297" started-at="2018-03-21T11:36:29Z" finished-at="2018-03-21T11:36:31Z">
          <reporter-output>
          </reporter-output>
        </test-method> <!-- next_page -->
      </class> <!-- com.qa.TEST_page.QA_IPHONE__Test -->
      <class name="com.qa.TEST_page.QA_SUPPORT__Test">
        <test-method status="PASS" signature="next_page()[pri:1, instance:com.qa.TEST_page.QA_SUPPORT__Test@35fb3008]" name="next_page" duration-ms="961" started-at="2018-03-21T11:36:39Z" finished-at="2018-03-21T11:36:40Z">
          <reporter-output>
          </reporter-output>
        </test-method> <!-- next_page -->
      </class> <!-- com.qa.TEST_page.QA_SUPPORT__Test -->
      <class name="com.qa.TEST_page.QA_IPAD__Test">
        <test-method status="PASS" signature="waiting()[pri:0, instance:com.qa.TEST_page.QA_IPAD__Test@6537cf78]" name="waiting" is-config="true" duration-ms="10" started-at="2018-03-21T11:36:25Z" finished-at="2018-03-21T11:36:25Z">
          <reporter-output>
          </reporter-output>
        </test-method> <!-- waiting -->
        <test-method status="PASS" signature="next_page()[pri:1, instance:com.qa.TEST_page.QA_IPAD__Test@6537cf78]" name="next_page" duration-ms="2576" started-at="2018-03-21T11:36:25Z" finished-at="2018-03-21T11:36:28Z">
          <reporter-output>
          </reporter-output>
        </test-method> <!-- next_page -->
      </class> <!-- com.qa.TEST_page.QA_IPAD__Test -->
      <class name="com.qa.TEST_page.QA_MAC__Test">
        <test-method status="PASS" signature="waiting()[pri:0, instance:com.qa.TEST_page.QA_MAC__Test@67b6d4ae]" name="waiting" is-config="true" duration-ms="12" started-at="2018-03-21T11:36:28Z" finished-at="2018-03-21T11:36:28Z">
          <reporter-output>
          </reporter-output>
        </test-method> <!-- waiting -->
        <test-method status="PASS" signature="next_page()[pri:1, instance:com.qa.TEST_page.QA_MAC__Test@67b6d4ae]" name="next_page" duration-ms="1307" started-at="2018-03-21T11:36:28Z" finished-at="2018-03-21T11:36:29Z">
          <reporter-output>
          </reporter-output>
        </test-method> <!-- next_page -->
      </class> <!-- com.qa.TEST_page.QA_MAC__Test -->
      <class name="com.qa.TEST_page.QA_TV__Test">
        <test-method status="PASS" signature="waiting()[pri:0, instance:com.qa.TEST_page.QA_TV__Test@6df97b55]" name="waiting" is-config="true" duration-ms="9" started-at="2018-03-21T11:36:34Z" finished-at="2018-03-21T11:36:34Z">
          <reporter-output>
          </reporter-output>
        </test-method> <!-- waiting -->
        <test-method status="PASS" signature="next_page()[pri:1, instance:com.qa.TEST_page.QA_TV__Test@6df97b55]" name="next_page" duration-ms="2892" started-at="2018-03-21T11:36:34Z" finished-at="2018-03-21T11:36:37Z">
          <reporter-output>
          </reporter-output>
        </test-method> <!-- next_page -->
      </class> <!-- com.qa.TEST_page.QA_TV__Test -->
      <class name="com.qa.TEST_page.QA_Failed_testing">
        <test-method status="FAIL" signature="failed_test1()[pri:0, instance:com.qa.TEST_page.QA_Failed_testing@7225790e]" name="failed_test1" duration-ms="2" started-at="2018-03-21T11:36:23Z" finished-at="2018-03-21T11:36:23Z">
          <exception class="java.lang.AssertionError">
            <message>
              <![CDATA[expected [true] but found [false]]]>
            </message>
            <full-stacktrace>
              <![CDATA[java.lang.AssertionError: expected [true] but found [false]
at org.testng.Assert.fail(Assert.java:96)
at org.testng.Assert.failNotEquals(Assert.java:776)
at org.testng.Assert.assertTrue(Assert.java:44)
at org.testng.Assert.assertTrue(Assert.java:54)
at com.qa.TEST_page.QA_Failed_testing.failed_test1(QA_Failed_testing.java:17)
at sun.reflect.NativeMethodAccessorImpl.invoke0(Native Method)
at sun.reflect.NativeMethodAccessorImpl.invoke(NativeMethodAccessorImpl.java:62)
at sun.reflect.DelegatingMethodAccessorImpl.invoke(DelegatingMethodAccessorImpl.java:43)
at java.lang.reflect.Method.invoke(Method.java:498)
at org.testng.internal.MethodInvocationHelper.invokeMethod(MethodInvocationHelper.java:124)
at org.testng.internal.Invoker.invokeMethod(Invoker.java:580)
at org.testng.internal.Invoker.invokeTestMethod(Invoker.java:716)
at org.testng.internal.Invoker.invokeTestMethods(Invoker.java:988)
at org.testng.internal.TestMethodWorker.invokeTestMethods(TestMethodWorker.java:125)
at org.testng.internal.TestMethodWorker.run(TestMethodWorker.java:109)
at org.testng.TestRunner.privateRun(TestRunner.java:648)
at org.testng.TestRunner.run(TestRunner.java:505)
at org.testng.SuiteRunner.runTest(SuiteRunner.java:455)
at org.testng.SuiteRunner.access$000(SuiteRunner.java:40)
at org.testng.SuiteRunner$SuiteWorker.run(SuiteRunner.java:489)
at org.testng.internal.thread.ThreadUtil$1.call(ThreadUtil.java:52)
at java.util.concurrent.FutureTask.run(FutureTask.java:266)
at java.util.concurrent.ThreadPoolExecutor.runWorker(ThreadPoolExecutor.java:1149)
at java.util.concurrent.ThreadPoolExecutor$Worker.run(ThreadPoolExecutor.java:624)
at java.lang.Thread.run(Thread.java:748)
]]>
            </full-stacktrace>
          </exception> <!-- java.lang.AssertionError -->
          <reporter-output>
          </reporter-output>
        </test-method> <!-- failed_test1 -->
      </class> <!-- com.qa.TEST_page.QA_Failed_testing -->
      <class name="com.qa.TEST_page.QA_HOME__Test">
        <test-method status="PASS" signature="browser_open(java.lang.String)[pri:0, instance:com.qa.TEST_page.QA_HOME__Test@617c74e5]" name="browser_open" is-config="true" duration-ms="5601" started-at="2018-03-21T11:36:17Z" finished-at="2018-03-21T11:36:23Z">
          <params>
            <param index="0">
              <value>
                <![CDATA[browser1]]>
              </value>
            </param>
          </params>
          <reporter-output>
          </reporter-output>
        </test-method> <!-- browser_open -->
        <test-method status="PASS" signature="next_page()[pri:1, instance:com.qa.TEST_page.QA_HOME__Test@617c74e5]" name="next_page" duration-ms="1932" started-at="2018-03-21T11:36:23Z" finished-at="2018-03-21T11:36:25Z">
          <reporter-output>
          </reporter-output>
        </test-method> <!-- next_page -->
        <test-method status="PASS" signature="clos_browsers()[pri:0, instance:com.qa.TEST_page.QA_HOME__Test@617c74e5]" name="clos_browsers" is-config="true" duration-ms="594" started-at="2018-03-21T11:36:40Z" finished-at="2018-03-21T11:36:41Z">
          <reporter-output>
          </reporter-output>
        </test-method> <!-- clos_browsers -->
      </class> <!-- com.qa.TEST_page.QA_HOME__Test -->
      <class name="com.qa.TEST_page.QA_MUSIC__Test">
        <test-method status="PASS" signature="waiting()[pri:0, instance:com.qa.TEST_page.QA_MUSIC__Test@3cbbc1e0]" name="waiting" is-config="true" duration-ms="7" started-at="2018-03-21T11:36:37Z" finished-at="2018-03-21T11:36:37Z">
          <reporter-output>
          </reporter-output>
        </test-method> <!-- waiting -->
        <test-method status="PASS" signature="next_page()[pri:1, instance:com.qa.TEST_page.QA_MUSIC__Test@3cbbc1e0]" name="next_page" duration-ms="2681" started-at="2018-03-21T11:36:37Z" finished-at="2018-03-21T11:36:39Z">
          <reporter-output>
          </reporter-output>
        </test-method> <!-- next_page -->
      </class> <!-- com.qa.TEST_page.QA_MUSIC__Test -->
    </test> <!-- Regression01 -->
  </suite> <!-- Suite -->
  <suite name="Suite (0)" duration-ms="14963" started-at="2018-03-21T11:36:41Z" finished-at="2018-03-21T11:36:56Z">
    <groups>
    </groups>
    <test name="Regression02" duration-ms="14963" started-at="2018-03-21T11:36:41Z" finished-at="2018-03-21T11:36:56Z">
      <class name="com.qa.TEST_page.QA_WATCH__Test">
        <test-method status="PASS" signature="waiting()[pri:0, instance:com.qa.TEST_page.QA_WATCH__Test@7921b0a2]" name="waiting" is-config="true" duration-ms="8" started-at="2018-03-21T11:36:52Z" finished-at="2018-03-21T11:36:52Z">
          <reporter-output>
          </reporter-output>
        </test-method> <!-- waiting -->
        <test-method status="PASS" signature="next_page()[pri:1, instance:com.qa.TEST_page.QA_WATCH__Test@7921b0a2]" name="next_page" duration-ms="931" started-at="2018-03-21T11:36:52Z" finished-at="2018-03-21T11:36:53Z">
          <reporter-output>
          </reporter-output>
        </test-method> <!-- next_page -->
      </class> <!-- com.qa.TEST_page.QA_WATCH__Test -->
      <class name="com.qa.TEST_page.QA_IPHONE__Test">
        <test-method status="PASS" signature="waiting()[pri:0, instance:com.qa.TEST_page.QA_IPHONE__Test@6a024a67]" name="waiting" is-config="true" duration-ms="6" started-at="2018-03-21T11:36:51Z" finished-at="2018-03-21T11:36:51Z">
          <reporter-output>
          </reporter-output>
        </test-method> <!-- waiting -->
        <test-method status="PASS" signature="next_page()[pri:1, instance:com.qa.TEST_page.QA_IPHONE__Test@6a024a67]" name="next_page" duration-ms="1734" started-at="2018-03-21T11:36:51Z" finished-at="2018-03-21T11:36:52Z">
          <reporter-output>
          </reporter-output>
        </test-method> <!-- next_page -->
      </class> <!-- com.qa.TEST_page.QA_IPHONE__Test -->
      <class name="com.qa.TEST_page.QA_SUPPORT__Test">
        <test-method status="PASS" signature="next_page()[pri:1, instance:com.qa.TEST_page.QA_SUPPORT__Test@1efbd816]" name="next_page" duration-ms="555" started-at="2018-03-21T11:36:55Z" finished-at="2018-03-21T11:36:56Z">
          <reporter-output>
          </reporter-output>
        </test-method> <!-- next_page -->
      </class> <!-- com.qa.TEST_page.QA_SUPPORT__Test -->
      <class name="com.qa.TEST_page.QA_IPAD__Test">
        <test-method status="PASS" signature="waiting()[pri:0, instance:com.qa.TEST_page.QA_IPAD__Test@5afa04c]" name="waiting" is-config="true" duration-ms="16" started-at="2018-03-21T11:36:49Z" finished-at="2018-03-21T11:36:49Z">
          <reporter-output>
          </reporter-output>
        </test-method> <!-- waiting -->
        <test-method status="PASS" signature="next_page()[pri:1, instance:com.qa.TEST_page.QA_IPAD__Test@5afa04c]" name="next_page" duration-ms="1048" started-at="2018-03-21T11:36:49Z" finished-at="2018-03-21T11:36:50Z">
          <reporter-output>
          </reporter-output>
        </test-method> <!-- next_page -->
      </class> <!-- com.qa.TEST_page.QA_IPAD__Test -->
      <class name="com.qa.TEST_page.QA_MAC__Test">
        <test-method status="PASS" signature="waiting()[pri:0, instance:com.qa.TEST_page.QA_MAC__Test@6ea12c19]" name="waiting" is-config="true" duration-ms="11" started-at="2018-03-21T11:36:50Z" finished-at="2018-03-21T11:36:50Z">
          <reporter-output>
          </reporter-output>
        </test-method> <!-- waiting -->
        <test-method status="PASS" signature="next_page()[pri:1, instance:com.qa.TEST_page.QA_MAC__Test@6ea12c19]" name="next_page" duration-ms="391" started-at="2018-03-21T11:36:50Z" finished-at="2018-03-21T11:36:51Z">
          <reporter-output>
          </reporter-output>
        </test-method> <!-- next_page -->
      </class> <!-- com.qa.TEST_page.QA_MAC__Test -->
      <class name="com.qa.TEST_page.QA_TV__Test">
        <test-method status="PASS" signature="waiting()[pri:0, instance:com.qa.TEST_page.QA_TV__Test@174d20a]" name="waiting" is-config="true" duration-ms="12" started-at="2018-03-21T11:36:53Z" finished-at="2018-03-21T11:36:53Z">
          <reporter-output>
          </reporter-output>
        </test-method> <!-- waiting -->
        <test-method status="PASS" signature="next_page()[pri:1, instance:com.qa.TEST_page.QA_TV__Test@174d20a]" name="next_page" duration-ms="1269" started-at="2018-03-21T11:36:53Z" finished-at="2018-03-21T11:36:54Z">
          <reporter-output>
          </reporter-output>
        </test-method> <!-- next_page -->
      </class> <!-- com.qa.TEST_page.QA_TV__Test -->
      <class name="com.qa.TEST_page.QA_Failed_testing">
        <test-method status="FAIL" signature="failed_test1()[pri:0, instance:com.qa.TEST_page.QA_Failed_testing@6a2bcfcb]" name="failed_test1" duration-ms="0" started-at="2018-03-21T11:36:48Z" finished-at="2018-03-21T11:36:48Z">
          <exception class="java.lang.AssertionError">
            <message>
              <![CDATA[expected [true] but found [false]]]>
            </message>
            <full-stacktrace>
              <![CDATA[java.lang.AssertionError: expected [true] but found [false]
at org.testng.Assert.fail(Assert.java:96)
at org.testng.Assert.failNotEquals(Assert.java:776)
at org.testng.Assert.assertTrue(Assert.java:44)
at org.testng.Assert.assertTrue(Assert.java:54)
at com.qa.TEST_page.QA_Failed_testing.failed_test1(QA_Failed_testing.java:17)
at sun.reflect.NativeMethodAccessorImpl.invoke0(Native Method)
at sun.reflect.NativeMethodAccessorImpl.invoke(NativeMethodAccessorImpl.java:62)
at sun.reflect.DelegatingMethodAccessorImpl.invoke(DelegatingMethodAccessorImpl.java:43)
at java.lang.reflect.Method.invoke(Method.java:498)
at org.testng.internal.MethodInvocationHelper.invokeMethod(MethodInvocationHelper.java:124)
at org.testng.internal.Invoker.invokeMethod(Invoker.java:580)
at org.testng.internal.Invoker.invokeTestMethod(Invoker.java:716)
at org.testng.internal.Invoker.invokeTestMethods(Invoker.java:988)
at org.testng.internal.TestMethodWorker.invokeTestMethods(TestMethodWorker.java:125)
at org.testng.internal.TestMethodWorker.run(TestMethodWorker.java:109)
at org.testng.TestRunner.privateRun(TestRunner.java:648)
at org.testng.TestRunner.run(TestRunner.java:505)
at org.testng.SuiteRunner.runTest(SuiteRunner.java:455)
at org.testng.SuiteRunner.access$000(SuiteRunner.java:40)
at org.testng.SuiteRunner$SuiteWorker.run(SuiteRunner.java:489)
at org.testng.internal.thread.ThreadUtil$1.call(ThreadUtil.java:52)
at java.util.concurrent.FutureTask.run(FutureTask.java:266)
at java.util.concurrent.ThreadPoolExecutor.runWorker(ThreadPoolExecutor.java:1149)
at java.util.concurrent.ThreadPoolExecutor$Worker.run(ThreadPoolExecutor.java:624)
at java.lang.Thread.run(Thread.java:748)
]]>
            </full-stacktrace>
          </exception> <!-- java.lang.AssertionError -->
          <reporter-output>
          </reporter-output>
        </test-method> <!-- failed_test1 -->
      </class> <!-- com.qa.TEST_page.QA_Failed_testing -->
      <class name="com.qa.TEST_page.QA_MUSIC__Test">
        <test-method status="PASS" signature="waiting()[pri:0, instance:com.qa.TEST_page.QA_MUSIC__Test@66d2e7d9]" name="waiting" is-config="true" duration-ms="12" started-at="2018-03-21T11:36:54Z" finished-at="2018-03-21T11:36:55Z">
          <reporter-output>
          </reporter-output>
        </test-method> <!-- waiting -->
        <test-method status="PASS" signature="next_page()[pri:1, instance:com.qa.TEST_page.QA_MUSIC__Test@66d2e7d9]" name="next_page" duration-ms="800" started-at="2018-03-21T11:36:55Z" finished-at="2018-03-21T11:36:55Z">
          <reporter-output>
          </reporter-output>
        </test-method> <!-- next_page -->
      </class> <!-- com.qa.TEST_page.QA_MUSIC__Test -->
      <class name="com.qa.TEST_page.QA_HOME__Test">
        <test-method status="PASS" signature="browser_open(java.lang.String)[pri:0, instance:com.qa.TEST_page.QA_HOME__Test@458ad742]" name="browser_open" is-config="true" duration-ms="6803" started-at="2018-03-21T11:36:41Z" finished-at="2018-03-21T11:36:48Z">
          <params>
            <param index="0">
              <value>
                <![CDATA[browser2]]>
              </value>
            </param>
          </params>
          <reporter-output>
          </reporter-output>
        </test-method> <!-- browser_open -->
        <test-method status="PASS" signature="next_page()[pri:1, instance:com.qa.TEST_page.QA_HOME__Test@458ad742]" name="next_page" duration-ms="1196" started-at="2018-03-21T11:36:48Z" finished-at="2018-03-21T11:36:49Z">
          <reporter-output>
          </reporter-output>
        </test-method> <!-- next_page -->
        <test-method status="PASS" signature="clos_browsers()[pri:0, instance:com.qa.TEST_page.QA_HOME__Test@458ad742]" name="clos_browsers" is-config="true" duration-ms="284" started-at="2018-03-21T11:36:56Z" finished-at="2018-03-21T11:36:56Z">
          <reporter-output>
          </reporter-output>
        </test-method> <!-- clos_browsers -->
      </class> <!-- com.qa.TEST_page.QA_HOME__Test -->
    </test> <!-- Regression02 -->
  </suite> <!-- Suite (0) -->
</testng-results>
